<?xml version="1.0" encoding="UTF-8"?>
<testng-results ignored="0" total="1" passed="1" failed="0" skipped="0">
  <reporter-output>
  </reporter-output>
  <suite started-at="2022-03-29T16:51:42 IST" name="Default suite" finished-at="2022-03-29T16:51:58 IST" duration-ms="15763">
    <groups>
    </groups>
    <test started-at="2022-03-29T16:51:42 IST" name="Default test" finished-at="2022-03-29T16:51:58 IST" duration-ms="15763">
      <class name="com.org.SearchTest">
        <test-method is-config="true" signature="setup()[pri:0, instance:com.org.SearchTest@82de64a]" started-at="2022-03-29T16:51:42 IST" name="setup" finished-at="2022-03-29T16:51:45 IST" duration-ms="2926" status="PASS">
          <reporter-output>
          </reporter-output>
        </test-method> <!-- setup -->
        <test-method is-config="true" signature="openURL()[pri:0, instance:com.org.SearchTest@82de64a]" started-at="2022-03-29T16:51:45 IST" name="openURL" finished-at="2022-03-29T16:51:50 IST" duration-ms="5153" status="PASS">
          <reporter-output>
          </reporter-output>
        </test-method> <!-- openURL -->
        <test-method signature="search()[pri:0, instance:com.org.SearchTest@82de64a]" started-at="2022-03-29T16:51:50 IST" name="search" finished-at="2022-03-29T16:51:57 IST" duration-ms="6420" status="PASS">
          <reporter-output>
          </reporter-output>
        </test-method> <!-- search -->
        <test-method is-config="true" signature="postSearch()[pri:0, instance:com.org.SearchTest@82de64a]" started-at="2022-03-29T16:51:57 IST" name="postSearch" finished-at="2022-03-29T16:51:57 IST" duration-ms="28" status="PASS">
          <reporter-output>
          </reporter-output>
        </test-method> <!-- postSearch -->
        <test-method is-config="true" signature="afterClass()[pri:0, instance:com.org.SearchTest@82de64a]" started-at="2022-03-29T16:51:57 IST" name="afterClass" finished-at="2022-03-29T16:51:58 IST" duration-ms="1183" status="PASS">
          <reporter-output>
          </reporter-output>
        </test-method> <!-- afterClass -->
      </class> <!-- com.org.SearchTest -->
    </test> <!-- Default test -->
  </suite> <!-- Default suite -->
</testng-results>
